docker build -t dhf0820/uc_blaze_dhf:231101.4 -f Dockerfile.prod .
Sending build context to Docker daemon  241.2kB
Step 1/16 : FROM geoffreybooth/meteor-base:2.7.3
 ---> 99d716578a18
Step 2/16 : COPY ./package*.json $APP_SOURCE_FOLDER/
 ---> Using cache
 ---> cebc0ca0d250
Step 3/16 : RUN bash $SCRIPTS_FOLDER/build-app-npm-dependencies.sh
 ---> Using cache
 ---> acc6da9558d4
Step 4/16 : COPY . $APP_SOURCE_FOLDER/
 ---> 60f242429810
Step 5/16 : RUN bash $SCRIPTS_FOLDER/build-meteor-bundle.sh
 ---> Running in 8e05d06dfb01

[-] Building Meteor application bundle...

    This container can use 48171M memory in total.
    If it aborts with an out-of-memory (OOM) or â€˜non-zero exit code 137â€™ error message,
    please increase the containerâ€™s available memory.

    See https://github.com/meteor/meteor/issues/9568 for details.


Even with METEOR_ALLOW_SUPERUSER or --allow-superuser, permissions in your app
directory will be incorrect if you ever attempt to perform any Meteor tasks as
a normal user. If you need to fix your permissions, run the following command
from the root of your project:

  sudo chown -Rh <username> .meteor/local


Even with METEOR_ALLOW_SUPERUSER or --allow-superuser, permissions in your app
directory will be incorrect if you ever attempt to perform any Meteor tasks as
a normal user. If you need to fix your permissions, run the following command
from the root of your project:

  sudo chown -Rh <username> .meteor/local

[91mBrowserslist: caniuse-lite is outdated. Please run:
  npx update-browserslist-db@latest
  Why you should do it regularly: https://github.com/browserslist/update-db#readme
[0mRemoving intermediate container 8e05d06dfb01
 ---> ed44a674fbe9
Step 6/16 : FROM node:14.19.3-alpine
 ---> 47afee183159
Step 7/16 : ENV APP_BUNDLE_FOLDER /opt/bundle
 ---> Using cache
 ---> 4056e7442f4c
Step 8/16 : ENV SCRIPTS_FOLDER /docker
 ---> Using cache
 ---> 64c725ff83cf
Step 9/16 : RUN apk --no-cache add 		bash 		ca-certificates
 ---> Using cache
 ---> 55d61e224228
Step 10/16 : RUN apk add --no-cache python3 py3-pip make g++
 ---> Using cache
 ---> 3352113c919e
Step 11/16 : COPY --from=0 $SCRIPTS_FOLDER $SCRIPTS_FOLDER/
 ---> Using cache
 ---> 40e454cd63ae
Step 12/16 : COPY --from=0 $APP_BUNDLE_FOLDER/bundle $APP_BUNDLE_FOLDER/bundle/
 ---> 909f77806ab9
Step 13/16 : COPY package.json $APP_BUNDLE_FOLDER/bundle/
 ---> 6ca2f9a3220c
Step 14/16 : RUN bash $SCRIPTS_FOLDER/build-meteor-npm-dependencies.sh
 ---> Running in d0085c5c8618

[-] Installing Meteor application server NPM dependencies...

[91mnpm WARN deprecated node-pre-gyp@0.15.0: Please upgrade to @mapbox/node-pre-gyp: the non-scoped node-pre-gyp package is deprecated and only the @mapbox scoped package will recieve updates in the future
[0m[91mnpm WARN deprecated @npmcli/move-file@1.1.2: This functionality has been moved to @npmcli/fs
[0m
> fibers@5.0.1 install /opt/bundle/bundle/programs/server/node_modules/fibers
> node build.js || nodejs build.js

`linux-x64-83-musl` exists; testing
Binary is fine; exiting
[91mnpm WARN lifecycle meteor-dev-bundle@~install: cannot run in wd meteor-dev-bundle@ node npm-rebuild.js (wd=/opt/bundle/bundle/programs/server)
[0madded 158 packages from 84 contributors and audited 158 packages in 18.08s

5 packages are looking for funding
  run `npm fund` for details

found 2 moderate severity vulnerabilities
  run `npm audit fix` to fix them, or `npm audit` for details
Removing intermediate container d0085c5c8618
 ---> aba347e41e08
Step 15/16 : ENTRYPOINT ["/docker/entrypoint.sh"]
 ---> Running in 5e06c34bf20a
Removing intermediate container 5e06c34bf20a
 ---> ffd6146f5f7b
Step 16/16 : CMD ["npm", "start"]
 ---> Running in e3a64564589e
Removing intermediate container e3a64564589e
 ---> dbed40ca1259
Successfully built dbed40ca1259
Successfully tagged dhf0820/uc_blaze_dhf:231101.4
docker build -t dhf0820/uc_blaze_dhf:231107.6 -f Dockerfile.prod .
Sending build context to Docker daemon  571.9kB
Step 1/15 : FROM geoffreybooth/meteor-base:2.13.3
 ---> 6a6b8fe1c0db
Step 2/15 : COPY ./package*.json $APP_SOURCE_FOLDER/
 ---> Using cache
 ---> 113d8a6d8852
Step 3/15 : RUN bash $SCRIPTS_FOLDER/build-app-npm-dependencies.sh
 ---> Using cache
 ---> 43d462a3a344
Step 4/15 : COPY . $APP_SOURCE_FOLDER/
 ---> e177a05b83e5
Step 5/15 : RUN bash $SCRIPTS_FOLDER/build-meteor-bundle.sh
 ---> Running in e6ea133fe1a7

[-] Building Meteor application bundle...

    This container can use 48171M memory in total.
    If it aborts with an out-of-memory (OOM) or â€˜non-zero exit code 137â€™ error message,
    please increase the containerâ€™s available memory.

    See https://github.com/meteor/meteor/issues/9568 for details.


Even with METEOR_ALLOW_SUPERUSER or --allow-superuser, permissions in your app
directory will be incorrect if you ever attempt to perform any Meteor tasks as
a normal user. If you need to fix your permissions, run the following command
from the root of your project:

  sudo chown -Rh <username> .meteor/local

[91mBrowserslist: caniuse-lite is outdated. Please run:
  npx update-browserslist-db@latest
  Why you should do it regularly: https://github.com/browserslist/update-db#readme
[0mRemoving intermediate container e6ea133fe1a7
 ---> 06d57745f5a0
Step 6/15 : ENV APP_BUNDLE_FOLDER /opt/bundle
 ---> Running in 1852462be178
Removing intermediate container 1852462be178
 ---> 590787edb19e
Step 7/15 : ENV SCRIPTS_FOLDER /docker
 ---> Running in d2075229adb1
Removing intermediate container d2075229adb1
 ---> fc52bba44c10
Step 8/15 : RUN apk --no-cache add 		bash 		ca-certificates
 ---> Running in 9040c7dc85b8
[91m/bin/sh: 1: apk: not found
[0mThe command '/bin/sh -c apk --no-cache add 		bash 		ca-certificates' returned a non-zero code: 127
make: *** [Makefile:12: build] Error 127
docker build -t dhf0820/uc_blaze_dhf:231107.6 -f Dockerfile.prod .
Sending build context to Docker daemon  574.5kB
Step 1/17 : FROM geoffreybooth/meteor-base:2.13.3
 ---> 6a6b8fe1c0db
Step 2/17 : COPY ./package*.json $APP_SOURCE_FOLDER/
 ---> Using cache
 ---> 113d8a6d8852
Step 3/17 : RUN bash $SCRIPTS_FOLDER/build-app-npm-dependencies.sh
 ---> Using cache
 ---> 43d462a3a344
Step 4/17 : COPY . $APP_SOURCE_FOLDER/
 ---> 1f4d89b85f38
Step 5/17 : RUN meteor npm install --save @babel/runtime
 ---> Running in 515ac9287426
[91mnpm WARN saveError ENOENT: no such file or directory, open '/package.json'
[0m[91mnpm notice created a lockfile as package-lock.json. You should commit this file.
[0m[91mnpm WARN enoent ENOENT: no such file or directory, open '/package.json'
[0m[91mnpm WARN !invalid#1 No description
[0m[91mnpm WARN !invalid#1 No repository field.
[0m[91mnpm WARN !invalid#1 No README data
[0m[91mnpm WARN !invalid#1 No license field.
[0m[91m
[0m+ @babel/runtime@7.23.2
added 2 packages from 2 contributors and audited 2 packages in 1.542s
found 0 vulnerabilities

Removing intermediate container 515ac9287426
 ---> c9975158b765
Step 6/17 : RUN meteor npm update-browserslist-db@latest
 ---> Running in 0fe777d759df

Usage: npm <command>

where <command> is one of:
    access, adduser, audit, bin, bugs, c, cache, ci, cit,
    clean-install, clean-install-test, completion, config,
    create, ddp, dedupe, deprecate, dist-tag, docs, doctor,
    edit, explore, fund, get, help, help-search, hook, i, init,
    install, install-ci-test, install-test, it, link, list, ln,
    login, logout, ls, org, outdated, owner, pack, ping, prefix,
    profile, prune, publish, rb, rebuild, repo, restart, root,
    run, run-script, s, se, search, set, shrinkwrap, star,
    stars, start, stop, t, team, test, token, tst, un,
    uninstall, unpublish, unstar, up, update, v, version, view,
    whoami

npm <command> -h  quick help on <command>
npm -l            display full usage info
npm help <term>   search for help on <term>
npm help npm      involved overview

Specify configs in the ini-formatted file:
    /root/.npmrc
or on the command line via: npm <command> --key value
Config info can be viewed via: npm help config

npm@6.14.17 /root/.meteor/packages/meteor-tool/.2.13.3.ntl153.rfqwm++os.linux.x86_64+web.browser+web.browser.legacy+web.cordova/mt-os.linux.x86_64/dev_bundle/lib/node_modules/npm

The command '/bin/sh -c meteor npm update-browserslist-db@latest' returned a non-zero code: 1
make: *** [Makefile:12: build] Error 1
docker build -t dhf0820/uc_blaze_dhf:231107.6 -f Dockerfile.prod .
Sending build context to Docker daemon    577kB
Step 1/17 : FROM geoffreybooth/meteor-base:2.13.3
 ---> 6a6b8fe1c0db
Step 2/17 : COPY ./package*.json $APP_SOURCE_FOLDER/
 ---> Using cache
 ---> 113d8a6d8852
Step 3/17 : RUN bash $SCRIPTS_FOLDER/build-app-npm-dependencies.sh
 ---> Using cache
 ---> 43d462a3a344
Step 4/17 : COPY . $APP_SOURCE_FOLDER/
 ---> b92694f60cc5
Step 5/17 : RUN meteor npm install --save @babel/runtime
 ---> Running in f658c26ca8ec
[91mnpm WARN saveError ENOENT: no such file or directory, open '/package.json'
[0m[91mnpm notice created a lockfile as package-lock.json. You should commit this file.
[0m[91mnpm WARN enoent ENOENT: no such file or directory, open '/package.json'
[0m[91mnpm WARN !invalid#1 No description
[0m[91mnpm WARN !invalid#1 No repository field.
[0m[91mnpm WARN !invalid#1 No README data
[0m[91mnpm WARN !invalid#1 No license field.
[0m[91m
[0m+ @babel/runtime@7.23.2
added 2 packages from 2 contributors and audited 2 packages in 1.315s
found 0 vulnerabilities

Removing intermediate container f658c26ca8ec
 ---> 74a53f4559d5
Step 6/17 : RUN npx update-browserslist-db@latest
 ---> Running in d57fdd679ab3
[91m/bin/sh: 1: npx: not found
[0mThe command '/bin/sh -c npx update-browserslist-db@latest' returned a non-zero code: 127
make: *** [Makefile:12: build] Error 127
docker build -t dhf0820/uc_blaze_dhf:231107.6 -f Dockerfile.prod .
Sending build context to Docker daemon  578.6kB
Step 1/17 : FROM geoffreybooth/meteor-base:2.13.3
 ---> 6a6b8fe1c0db
Step 2/17 : COPY ./package*.json $APP_SOURCE_FOLDER/
 ---> Using cache
 ---> 113d8a6d8852
Step 3/17 : RUN bash $SCRIPTS_FOLDER/build-app-npm-dependencies.sh
 ---> Using cache
 ---> 43d462a3a344
Step 4/17 : COPY . $APP_SOURCE_FOLDER/
 ---> b8b541b100ee
Step 5/17 : RUN meteor npm install --save @babel/runtime
 ---> Running in 6d37d508c615
[91mnpm WARN saveError ENOENT: no such file or directory, open '/package.json'
[0m[91mnpm notice created a lockfile as package-lock.json. You should commit this file.
[0m[91mnpm WARN enoent ENOENT: no such file or directory, open '/package.json'
[0m[91mnpm WARN[0m[91m !invalid#1 No description
[0m[91mnpm WARN !invalid#1 No repository field.
[0m[91mnpm WARN !invalid#1 No README data
[0m[91mnpm WARN !invalid#1 No license field.

[0m+ @babel/runtime@7.23.2
added 2 packages from 2 contributors and audited 2 packages in 1.444s
found 0 vulnerabilities

Removing intermediate container 6d37d508c615
 ---> ca63d27ed96c
Step 6/17 : RUN npx update-browserslist-db@latest
 ---> Running in e5c3851fd241
[91m/bin/sh: 1: npx: not found
[0mThe command '/bin/sh -c npx update-browserslist-db@latest' returned a non-zero code: 127
make: *** [Makefile:12: build] Error 127
docker build -t dhf0820/uc_blaze_dhf:231107.6 -f Dockerfile.prod .
Sending build context to Docker daemon  579.6kB
Step 1/16 : FROM geoffreybooth/meteor-base:2.13.3
 ---> 6a6b8fe1c0db
Step 2/16 : COPY ./package*.json $APP_SOURCE_FOLDER/
 ---> Using cache
 ---> 113d8a6d8852
Step 3/16 : RUN bash $SCRIPTS_FOLDER/build-app-npm-dependencies.sh
 ---> Using cache
 ---> 43d462a3a344
Step 4/16 : COPY . $APP_SOURCE_FOLDER/
 ---> be5e26e9bf33
Step 5/16 : RUN meteor npm install --save @babel/runtime
 ---> Running in 8c2023fe9387
[91mnpm WARN saveError ENOENT: no such file or directory, open '/package.json'
[0m[91mnpm notice created a lockfile as package-lock.json. You should commit this file.
[0m[91mnpm WARN enoent ENOENT: no such file or directory, open '/package.json'
[0m[91mnpm WARN !invalid#1 No description
[0m[91mnpm WARN !invalid#1 No repository field.
[0m[91mnpm WARN !invalid#1 No README data
[0m[91mnpm WARN !invalid#1 No license field.
[0m[91m
[0m+ @babel/runtime@7.23.2
added 2 packages from 2 contributors and audited 2 packages in 1.308s
found 0 vulnerabilities

Removing intermediate container 8c2023fe9387
 ---> ff3ad5d0ab76
Step 6/16 : RUN bash $SCRIPTS_FOLDER/build-meteor-bundle.sh
 ---> Running in 47911be754be

[-] Building Meteor application bundle...

    This container can use 48171M memory in total.
    If it aborts with an out-of-memory (OOM) or â€˜non-zero exit code 137â€™ error message,
    please increase the containerâ€™s available memory.

    See https://github.com/meteor/meteor/issues/9568 for details.


Even with METEOR_ALLOW_SUPERUSER or --allow-superuser, permissions in your app
directory will be incorrect if you ever attempt to perform any Meteor tasks as
a normal user. If you need to fix your permissions, run the following command
from the root of your project:

  sudo chown -Rh <username> .meteor/local

[91mBrowserslist: caniuse-lite is outdated. Please run:
  npx update-browserslist-db@latest
  Why you should do it regularly: https://github.com/browserslist/update-db#readme
[0mRemoving intermediate container 47911be754be
 ---> b2483d7ab888
Step 7/16 : ENV APP_BUNDLE_FOLDER /opt/bundle
 ---> Running in 521f0ac93d9c
Removing intermediate container 521f0ac93d9c
 ---> c67efe750c25
Step 8/16 : ENV SCRIPTS_FOLDER /docker
 ---> Running in 7f282da21e5d
Removing intermediate container 7f282da21e5d
 ---> 250735250b39
Step 9/16 : RUN apk --no-cache add 		bash 		ca-certificates
 ---> Running in 219df57ec75f
[91m/bin/sh: 1: apk: not found
[0mThe command '/bin/sh -c apk --no-cache add 		bash 		ca-certificates' returned a non-zero code: 127
make: *** [Makefile:12: build] Error 127
